\BOOKMARK [1][-]{section.1}{Allgemeines}{}% 1
\BOOKMARK [2][-]{subsection.1.1}{Tombstoning in WP 8.1}{section.1}% 2
\BOOKMARK [1][-]{section.2}{L\366sungsidee}{}% 3
\BOOKMARK [2][-]{subsection.2.1}{Anwendungsarchitektur}{section.2}% 4
\BOOKMARK [2][-]{subsection.2.2}{Implementierungsdetails}{section.2}% 5
\BOOKMARK [3][-]{section*.1}{Architektur}{subsection.2.2}% 6
\BOOKMARK [1][-]{section.3}{Testf\344lle und Screenshots}{}% 7
\BOOKMARK [2][-]{subsection.3.1}{LoginPage}{section.3}% 8
\BOOKMARK [2][-]{subsection.3.2}{MainPage}{section.3}% 9
\BOOKMARK [2][-]{subsection.3.3}{RaceDetailsPage}{section.3}% 10
\BOOKMARK [2][-]{subsection.3.4}{SolutionDialog}{section.3}% 11
\BOOKMARK [1][-]{section.4}{Quellcode}{}% 12
\BOOKMARK [2][-]{subsection.4.1}{Commands}{section.4}% 13
\BOOKMARK [2][-]{subsection.4.2}{Common}{section.4}% 14
\BOOKMARK [2][-]{subsection.4.3}{Converters}{section.4}% 15
\BOOKMARK [2][-]{subsection.4.4}{Data}{section.4}% 16
\BOOKMARK [2][-]{subsection.4.5}{Domain}{section.4}% 17
\BOOKMARK [2][-]{subsection.4.6}{Models}{section.4}% 18
\BOOKMARK [2][-]{subsection.4.7}{ViewModels}{section.4}% 19
\BOOKMARK [2][-]{subsection.4.8}{Views-Markup}{section.4}% 20
\BOOKMARK [2][-]{subsection.4.9}{Views}{section.4}% 21
\BOOKMARK [2][-]{subsection.4.10}{App}{section.4}% 22
